<?xml version="1.0" encoding="UTF-8"?>
<!-- Generated by org.testng.reporters.JUnitReportReporter -->
<testsuite hostname="DESKTOP-4DQJIIJ" name="TestCases.Login_Test" tests="1" failures="0" timestamp="13 Nov 2017 06:37:12 GMT" time="0.701" errors="0">
  <testcase name="Login" time="0.701" classname="TestCases.Login_Test"/>
</testsuite> <!-- TestCases.Login_Test -->
