<?xml version="1.0" encoding="UTF-8"?>
<!-- Generated by org.testng.reporters.JUnitReportReporter -->
<testsuite skipped="0" hostname="DESKTOP-4DQJIIJ" name="Signup_Test_Case.Signup" tests="1" failures="0" timestamp="27 Dec 2017 12:58:33 GMT" time="14.148" errors="0">
  <testcase name="Signup_TestCase" time="14.148" classname="Signup_Test_Case.Signup"/>
</testsuite> <!-- Signup_Test_Case.Signup -->
