<?xml version="1.0" encoding="UTF-8"?>
<!-- Generated by org.testng.reporters.JUnitReportReporter -->
<testsuite hostname="DESKTOP-4DQJIIJ" name="TestCases.Signup" tests="1" failures="0" timestamp="13 Nov 2017 06:27:37 GMT" time="9.752" errors="0">
  <testcase name="Signup_RareCarat" time="9.752" classname="TestCases.Signup"/>
</testsuite> <!-- TestCases.Signup -->
