<?xml version="1.0" encoding="UTF-8"?>
<!-- Generated by org.testng.reporters.JUnitReportReporter -->
<testsuite skipped="0" hostname="DESKTOP-4DQJIIJ" name="TestCases.Price_Slider" tests="1" failures="0" timestamp="28 Dec 2017 06:44:33 GMT" time="6.711" errors="0">
  <testcase name="moveSliderToRight" time="6.711" classname="TestCases.Price_Slider"/>
</testsuite> <!-- TestCases.Price_Slider -->
