<?xml version="1.0" encoding="UTF-8"?>
<!-- Generated by org.testng.reporters.JUnitReportReporter -->
<testsuite hostname="DESKTOP-4DQJIIJ" name="TestCases.Sample" tests="1" failures="0" timestamp="9 Nov 2017 12:48:11 GMT" time="11.693" errors="0">
  <testcase name="moveSliderToRight" time="11.693" classname="TestCases.Sample"/>
</testsuite> <!-- TestCases.Sample -->
