<?xml version="1.0" encoding="UTF-8"?>
<!-- Generated by org.testng.reporters.JUnitReportReporter -->
<testsuite hostname="DESKTOP-4DQJIIJ" name="TestCases.Slider" tests="1" failures="0" timestamp="10 Nov 2017 05:27:20 GMT" time="39.454" errors="0">
  <testcase name="moveSliderToEnd" time="39.454" classname="TestCases.Slider"/>
</testsuite> <!-- TestCases.Slider -->
