<?xml version="1.0" encoding="UTF-8"?>
<!-- Generated by org.testng.reporters.JUnitReportReporter -->
<testsuite skipped="0" hostname="DESKTOP-4DQJIIJ" name="Login_Test_Case.Login_Test" tests="1" failures="0" timestamp="29 Dec 2017 11:09:12 GMT" time="5.556" errors="0">
  <testcase name="Login_TestCase" time="5.556" classname="Login_Test_Case.Login_Test"/>
</testsuite> <!-- Login_Test_Case.Login_Test -->
