<?xml version="1.0" encoding="UTF-8"?>
<!-- Generated by org.testng.reporters.JUnitReportReporter -->
<testsuite skipped="0" hostname="DESKTOP-4DQJIIJ" name="TestCases.Raw" tests="1" failures="0" timestamp="28 Dec 2017 10:06:38 GMT" time="35.519" errors="0">
  <testcase name="moveSliderToRight" time="35.519" classname="TestCases.Raw"/>
</testsuite> <!-- TestCases.Raw -->
