<?xml version="1.0" encoding="UTF-8"?>
<!-- Generated by org.testng.reporters.JUnitReportReporter -->
<testsuite hostname="DESKTOP-4DQJIIJ" name="Filter_By_Diamond_TestCase.Slider" tests="1" failures="0" timestamp="13 Nov 2017 11:25:28 GMT" time="2.534" errors="0">
  <testcase name="Filter_By_Diamond" time="2.534" classname="Filter_By_Diamond_TestCase.Slider"/>
</testsuite> <!-- Filter_By_Diamond_TestCase.Slider -->
