<?xml version="1.0" encoding="UTF-8"?>
<!-- Generated by org.testng.reporters.JUnitReportReporter -->
<testsuite skipped="0" hostname="DESKTOP-4DQJIIJ" name="Filter_By_Diamond_TestCase.Filter_By_Diamond" tests="1" failures="0" timestamp="26 Dec 2017 13:42:28 GMT" time="35.776" errors="0">
  <testcase name="Filter_By_Diamond_TestCase" time="35.776" classname="Filter_By_Diamond_TestCase.Filter_By_Diamond"/>
</testsuite> <!-- Filter_By_Diamond_TestCase.Filter_By_Diamond -->
